SpeechBrain system description
==============================
Python version:
3.8.0 | packaged by conda-forge | (default, Nov 22 2019, 19:11:38) 
[GCC 7.3.0]
==============================
Installed Python packages:
appdirs==1.4.4
attrs==22.2.0
black==19.10b0
brotlipy @ file:///home/conda/feedstock_root/build_artifacts/brotlipy_1666764652625/work
certifi==2022.12.7
cffi @ file:///home/conda/feedstock_root/build_artifacts/cffi_1606236101993/work
cfgv==3.3.1
charset-normalizer==3.0.1
click==8.0.4
cryptography @ file:///home/conda/feedstock_root/build_artifacts/cryptography-split_1672672380968/work
distlib==0.3.6
entrypoints==0.3
filelock==3.9.0
flake8==3.7.9
huggingface-hub==0.12.0
HyperPyYAML==1.1.0
identify==2.5.17
idna @ file:///home/conda/feedstock_root/build_artifacts/idna_1663625384323/work
inflect==6.0.2
joblib==1.2.0
mccabe==0.6.1
mkl-fft==1.3.1
mkl-random==1.2.2
mkl-service==2.4.0
more-itertools==9.0.0
nodeenv==1.7.0
numpy==1.24.1
packaging==23.0
pathspec==0.11.0
Pillow @ file:///home/conda/feedstock_root/build_artifacts/pillow_1672675296857/work
platformdirs==2.6.2
pluggy==0.13.1
pre-commit==3.0.2
py==1.11.0
pycodestyle==2.5.0
pycparser @ file:///home/conda/feedstock_root/build_artifacts/pycparser_1636257122734/work
pydantic==1.10.4
pyflakes==2.1.1
pyOpenSSL @ file:///home/conda/feedstock_root/build_artifacts/pyopenssl_1672659226110/work
PySocks @ file:///home/conda/feedstock_root/build_artifacts/pysocks_1661604839144/work
pytest==5.4.1
PyYAML==6.0
regex==2022.10.31
requests @ file:///home/conda/feedstock_root/build_artifacts/requests_1673863902341/work
ruamel.yaml==0.17.21
ruamel.yaml.clib==0.2.7
scipy==1.8.1
sentencepiece==0.1.97
six @ file:///home/conda/feedstock_root/build_artifacts/six_1620240208055/work
-e git+https://github.com/jonojace/speechbrain.git@d42e0e8af02a9a1d2930303f3575164b259a4a21#egg=speechbrain
toml==0.10.2
torch==1.12.1
torchaudio==0.12.1
torchvision==0.13.1
tqdm==4.64.1
typed-ast==1.5.4
typing_extensions @ file:///home/conda/feedstock_root/build_artifacts/typing_extensions_1665144421445/work
Unidecode==1.3.6
urllib3 @ file:///home/conda/feedstock_root/build_artifacts/urllib3_1673452138552/work
virtualenv==20.17.1
wcwidth==0.2.6
yamllint==1.23.0
==============================
Git revision:
d42e0e8a
==============================
CUDA version:
10.2